0.020054    state=IDLE start=+0ns duration=+2.0054e+07ns
0.020194    state=CCA_BUSY start=+2.0054e+07ns duration=+140000ns
0.020242    state=CCA_BUSY start=+2.0194e+07ns duration=+48000ns
0.020754    state=RX start=+2.0242e+07ns duration=+512000ns
0.020804    state=IDLE start=+2.0754e+07ns duration=+50000ns
0.020804    state=TX start=+2.0804e+07ns duration=+704000ns
0.0215221    state=IDLE start=+2.1508e+07ns duration=+14066ns
0.0216621    state=CCA_BUSY start=+2.15221e+07ns duration=+140000ns
0.0217101    state=CCA_BUSY start=+2.16621e+07ns duration=+48000ns
0.0218221    state=RX start=+2.17101e+07ns duration=+112000ns
0.0221961    state=IDLE start=+2.18221e+07ns duration=+374000ns
0.0223361    state=CCA_BUSY start=+2.21961e+07ns duration=+140000ns
0.0223841    state=CCA_BUSY start=+2.23361e+07ns duration=+48000ns
0.0308961    state=RX start=+2.23841e+07ns duration=+8.512e+06ns
0.0309061    state=IDLE start=+3.08961e+07ns duration=+10000ns
0.0309061    state=TX start=+3.09061e+07ns duration=+304000ns
0.0315202    state=IDLE start=+3.12101e+07ns duration=+310066ns
0.0403542    state=CCA_BUSY start=+3.15202e+07ns duration=+8.704e+06ns
0.0403542    state=IDLE start=+4.02242e+07ns duration=+130000ns
0.0403542    state=TX start=+4.03542e+07ns duration=+704000ns
1.03095    state=IDLE start=+4.10582e+07ns duration=+9.89888e+08ns
1.03095    state=TX start=+1.03095e+09ns duration=+704000ns
2.03095    state=IDLE start=+1.03165e+09ns duration=+9.99296e+08ns
2.03095    state=TX start=+2.03095e+09ns duration=+704000ns
3.03095    state=IDLE start=+2.03165e+09ns duration=+9.99296e+08ns
3.03095    state=TX start=+3.03095e+09ns duration=+704000ns
